SF:lib/src/audiflow_ai.dart
DA:32,1
DA:37,3
DA:43,2
DA:46,1
DA:47,1
DA:50,1
DA:51,2
DA:52,1
DA:57,1
DA:58,2
DA:62,1
DA:63,2
DA:69,1
DA:72,0
DA:85,12
DA:89,1
DA:93,7
DA:167,1
DA:176,7
DA:177,7
DA:182,1
DA:197,3
DA:198,3
DA:201,2
DA:202,3
DA:203,1
DA:207,2
DA:208,3
DA:209,1
DA:212,7
DA:216,7
DA:219,6
DA:220,6
DA:221,1
DA:227,7
DA:229,7
DA:231,7
DA:232,3
DA:235,6
DA:236,3
DA:240,12
DA:244,6
DA:247,2
DA:249,2
DA:250,2
DA:253,4
DA:258,4
DA:259,6
DA:262,3
DA:268,3
DA:269,4
DA:276,3
DA:284,3
DA:285,4
DA:294,3
DA:298,3
DA:299,4
DA:302,3
DA:305,3
DA:309,1
DA:311,0
DA:316,4
DA:319,8
DA:323,4
DA:326,1
DA:330,4
DA:333,6
DA:334,6
DA:335,5
DA:339,6
DA:341,6
DA:342,3
DA:343,3
LF:73
LH:71
end_of_record
SF:lib/src/channel/audiflow_ai_channel.dart
DA:10,0
LF:1
LH:0
end_of_record
SF:lib/src/exceptions/audiflow_ai_exception.dart
DA:11,11
DA:16,1
DA:18,1
DA:19,3
DA:26,5
DA:27,5
DA:36,7
DA:37,7
DA:46,5
DA:47,5
DA:56,6
DA:57,6
DA:63,2
DA:64,2
DA:70,4
DA:71,4
DA:72,4
DA:83,3
DA:84,3
LF:19
LH:19
end_of_record
SF:lib/src/models/ai_capability.dart
DA:24,3
DA:25,6
DA:28,4
DA:31,2
DA:32,2
DA:33,2
DA:34,2
DA:35,2
LF:8
LH:8
end_of_record
SF:lib/src/models/ai_response.dart
DA:9,9
DA:29,4
DA:32,4
DA:34,1
DA:37,1
DA:38,3
DA:39,3
DA:40,3
DA:41,3
DA:43,1
DA:44,4
DA:46,1
DA:47,1
DA:48,3
DA:49,1
LF:15
LH:15
end_of_record
SF:lib/src/models/episode_summary.dart
DA:9,4
DA:24,1
DA:27,1
DA:28,3
DA:29,3
DA:30,3
DA:31,3
DA:33,1
DA:34,1
DA:35,1
DA:36,2
DA:37,1
DA:40,1
DA:41,1
DA:42,2
DA:43,2
DA:44,1
DA:47,1
DA:48,3
DA:51,2
DA:52,3
LF:21
LH:21
end_of_record
SF:lib/src/models/generation_config.dart
DA:9,7
DA:29,12
DA:30,12
DA:31,18
DA:32,8
DA:35,1
DA:38,1
DA:39,3
DA:40,3
DA:41,3
DA:43,1
DA:44,3
LF:12
LH:12
end_of_record
SF:lib/src/models/summarization_config.dart
DA:21,5
DA:36,1
DA:39,1
DA:40,3
DA:41,3
DA:42,3
DA:43,3
DA:45,1
DA:46,4
LF:9
LH:9
end_of_record
SF:lib/src/models/voice_command.dart
DA:36,3
DA:55,2
DA:58,2
DA:59,6
DA:60,6
DA:61,3
DA:62,3
DA:64,1
DA:65,4
DA:67,2
DA:68,2
DA:69,4
DA:70,2
LF:13
LH:13
end_of_record
SF:lib/src/services/summarization_service.dart
DA:24,2
DA:42,2
DA:48,2
DA:51,2
DA:52,0
DA:58,4
DA:60,2
DA:61,0
DA:66,4
DA:67,4
DA:68,2
DA:73,2
DA:74,1
DA:75,1
DA:92,2
DA:100,2
DA:101,2
DA:103,4
DA:104,2
DA:111,2
DA:113,2
DA:116,2
DA:117,2
DA:118,2
DA:119,2
DA:120,2
DA:123,2
DA:129,4
DA:131,6
DA:134,2
DA:137,4
DA:138,0
DA:139,0
DA:143,2
DA:147,2
DA:148,2
DA:150,2
DA:153,4
DA:155,6
DA:158,2
DA:161,2
DA:166,2
DA:167,2
DA:169,6
DA:170,4
DA:171,2
DA:174,4
DA:175,2
DA:179,4
DA:180,2
DA:181,2
DA:182,2
DA:186,0
DA:189,2
DA:196,2
DA:198,2
DA:201,4
DA:202,2
DA:204,4
DA:205,4
DA:206,4
DA:207,4
DA:209,4
DA:210,6
DA:211,6
DA:212,2
DA:213,4
DA:214,2
DA:215,4
DA:217,4
DA:223,2
DA:224,1
DA:227,2
LF:73
LH:68
end_of_record
SF:lib/src/services/text_generation_service.dart
DA:21,8
DA:26,2
DA:32,1
DA:35,1
DA:39,1
DA:40,1
DA:41,1
DA:42,0
DA:54,7
DA:56,7
DA:59,7
DA:61,7
DA:63,7
DA:64,1
DA:65,1
DA:79,5
DA:83,5
DA:87,5
DA:89,5
DA:90,5
DA:91,10
DA:95,5
DA:96,5
DA:97,5
DA:98,5
DA:100,4
DA:101,8
DA:102,3
DA:103,9
DA:106,9
DA:122,1
DA:126,1
DA:128,1
DA:130,1
DA:134,5
DA:136,5
DA:139,1
DA:142,5
DA:145,5
DA:146,5
DA:147,1
DA:151,1
DA:152,2
DA:153,2
DA:155,2
DA:156,1
DA:158,0
DA:161,1
DA:163,1
DA:164,1
DA:165,1
LF:51
LH:49
end_of_record
SF:lib/src/services/voice_command_service.dart
DA:17,2
DA:35,2
DA:36,2
DA:37,2
DA:47,2
DA:48,2
DA:49,2
DA:52,4
DA:60,4
DA:61,2
DA:63,2
DA:72,2
DA:79,2
DA:81,2
DA:84,4
DA:85,4
DA:87,2
DA:88,4
DA:89,2
DA:90,2
DA:91,6
DA:92,2
DA:93,4
DA:94,2
DA:98,2
DA:106,2
DA:108,4
DA:109,2
DA:114,2
DA:115,2
DA:116,2
DA:117,6
DA:118,2
DA:119,2
DA:120,2
DA:121,2
DA:122,6
DA:123,6
DA:124,6
DA:125,2
DA:126,2
DA:127,2
DA:128,2
DA:129,4
DA:130,6
DA:131,6
DA:132,6
DA:137,2
DA:138,2
DA:141,2
DA:142,2
DA:143,2
DA:145,2
DA:146,6
DA:150,2
DA:151,4
DA:152,2
DA:153,4
DA:154,4
DA:155,6
DA:156,4
DA:157,2
DA:165,2
DA:167,4
DA:169,4
DA:171,2
LF:66
LH:66
end_of_record
SF:lib/src/utils/prompt_templates.dart
DA:129,5
DA:133,10
DA:138,10
DA:139,20
DA:148,3
DA:153,3
DA:154,3
DA:155,3
DA:156,3
DA:159,12
DA:166,3
DA:174,3
DA:176,9
DA:179,3
DA:186,3
DA:192,1
DA:196,8
DA:202,1
DA:209,1
DA:216,1
DA:223,1
DA:228,1
LF:22
LH:22
end_of_record
SF:lib/src/utils/text_chunker.dart
DA:20,5
DA:35,3
DA:36,3
DA:37,3
DA:38,1
DA:41,9
DA:42,3
DA:45,3
DA:48,6
DA:49,6
DA:52,6
DA:53,6
DA:54,3
DA:55,3
DA:61,3
DA:63,6
DA:64,3
DA:65,3
DA:69,6
DA:79,1
DA:80,1
DA:81,1
DA:84,3
DA:88,3
DA:89,1
DA:93,5
DA:97,3
DA:101,3
DA:111,3
DA:117,1
DA:127,3
DA:129,3
DA:130,3
DA:132,6
DA:133,3
DA:138,1
DA:139,2
DA:142,4
DA:150,3
DA:151,3
DA:156,3
DA:158,6
DA:159,3
DA:164,3
DA:165,6
DA:168,12
DA:170,0
DA:171,0
DA:172,0
DA:173,0
DA:185,1
DA:186,1
DA:189,1
DA:190,1
DA:194,2
DA:197,4
DA:205,3
DA:206,6
DA:211,6
DA:212,6
LF:60
LH:56
end_of_record
SF:lib/src/utils/text_utils.dart
DA:49,9
DA:56,9
DA:64,9
DA:71,9
DA:74,9
DA:77,9
DA:80,9
DA:83,3
DA:89,3
DA:90,3
DA:97,6
DA:100,6
DA:103,6
DA:106,9
DA:115,3
DA:116,3
DA:123,7
DA:124,1
DA:125,1
DA:127,1
DA:129,0
DA:133,7
DA:134,1
DA:135,1
DA:137,1
DA:139,0
DA:143,9
DA:144,6
DA:145,4
DA:155,3
DA:156,3
DA:160,9
DA:169,3
DA:170,3
DA:174,3
DA:175,3
DA:176,3
DA:185,1
DA:191,3
DA:195,2
DA:196,1
DA:200,1
DA:204,1
DA:205,1
DA:206,1
DA:210,1
DA:216,1
DA:217,1
DA:221,1
DA:222,1
DA:226,3
DA:233,1
DA:234,1
DA:235,1
DA:238,1
DA:239,1
DA:240,0
DA:243,1
DA:246,3
DA:247,3
DA:248,1
DA:249,1
DA:251,1
DA:255,2
DA:256,2
DA:257,1
DA:258,1
LF:67
LH:64
end_of_record
